<?xml version="1.0" encoding="UTF-8"?>
<testng-results skipped="0" failed="1" ignored="0" total="1" passed="0">
  <reporter-output>
  </reporter-output>
  <suite name="Default suite" duration-ms="56969" started-at="2018-07-13T10:41:05Z" finished-at="2018-07-13T10:42:02Z">
    <groups>
    </groups>
    <test name="Default test" duration-ms="56969" started-at="2018-07-13T10:41:05Z" finished-at="2018-07-13T10:42:02Z">
      <class name="com.puma.script.AddProductTest">
        <test-method status="PASS" signature="setUp()[pri:0, instance:com.puma.script.AddProductTest@3f49dace]" name="setUp" is-config="true" duration-ms="428" started-at="2018-07-13T16:11:05Z" finished-at="2018-07-13T16:11:05Z">
          <reporter-output>
          </reporter-output>
        </test-method> <!-- setUp -->
        <test-method status="PASS" signature="openApp()[pri:0, instance:com.puma.script.AddProductTest@3f49dace]" name="openApp" is-config="true" duration-ms="52793" started-at="2018-07-13T16:11:05Z" finished-at="2018-07-13T16:11:58Z">
          <reporter-output>
          </reporter-output>
        </test-method> <!-- openApp -->
        <test-method status="FAIL" signature="addProduct()[pri:0, instance:com.puma.script.AddProductTest@3f49dace]" name="addProduct" duration-ms="63" started-at="2018-07-13T16:11:58Z" finished-at="2018-07-13T16:11:58Z">
          <exception class="java.lang.AssertionError">
            <message>
              <![CDATA[expected [Buy Sports T-Shirts, Tracks, Running Shoes and Accessories Online - in.puma.com] but found [PUMA.COM | Forever Faster]]]>
            </message>
            <full-stacktrace>
              <![CDATA[java.lang.AssertionError: expected [Buy Sports T-Shirts, Tracks, Running Shoes and Accessories Online - in.puma.com] but found [PUMA.COM | Forever Faster]
	at org.testng.Assert.fail(Assert.java:93)
	at org.testng.Assert.failNotEquals(Assert.java:512)
	at org.testng.Assert.assertEqualsImpl(Assert.java:134)
	at org.testng.Assert.assertEquals(Assert.java:115)
	at org.testng.Assert.assertEquals(Assert.java:189)
	at org.testng.Assert.assertEquals(Assert.java:199)
	at com.puma.script.AddProductTest.addProduct(AddProductTest.java:27)
	at sun.reflect.NativeMethodAccessorImpl.invoke0(Native Method)
	at sun.reflect.NativeMethodAccessorImpl.invoke(NativeMethodAccessorImpl.java:62)
	at sun.reflect.DelegatingMethodAccessorImpl.invoke(DelegatingMethodAccessorImpl.java:43)
	at java.lang.reflect.Method.invoke(Method.java:498)
	at org.testng.internal.MethodInvocationHelper.invokeMethod(MethodInvocationHelper.java:108)
	at org.testng.internal.Invoker.invokeMethod(Invoker.java:669)
	at org.testng.internal.Invoker.invokeTestMethod(Invoker.java:877)
	at org.testng.internal.Invoker.invokeTestMethods(Invoker.java:1201)
	at org.testng.internal.TestMethodWorker.invokeTestMethods(TestMethodWorker.java:125)
	at org.testng.internal.TestMethodWorker.run(TestMethodWorker.java:109)
	at org.testng.TestRunner.privateRun(TestRunner.java:776)
	at org.testng.TestRunner.run(TestRunner.java:634)
	at org.testng.SuiteRunner.runTest(SuiteRunner.java:425)
	at org.testng.SuiteRunner.runSequentially(SuiteRunner.java:420)
	at org.testng.SuiteRunner.privateRun(SuiteRunner.java:385)
	at org.testng.SuiteRunner.run(SuiteRunner.java:334)
	at org.testng.SuiteRunnerWorker.runSuite(SuiteRunnerWorker.java:52)
	at org.testng.SuiteRunnerWorker.run(SuiteRunnerWorker.java:86)
	at org.testng.TestNG.runSuitesSequentially(TestNG.java:1318)
	at org.testng.TestNG.runSuitesLocally(TestNG.java:1243)
	at org.testng.TestNG.runSuites(TestNG.java:1161)
	at org.testng.TestNG.run(TestNG.java:1129)
	at org.testng.remote.AbstractRemoteTestNG.run(AbstractRemoteTestNG.java:114)
	at org.testng.remote.RemoteTestNG.initAndRun(RemoteTestNG.java:251)
	at org.testng.remote.RemoteTestNG.main(RemoteTestNG.java:77)
]]>
            </full-stacktrace>
          </exception> <!-- java.lang.AssertionError -->
          <reporter-output>
          </reporter-output>
        </test-method> <!-- addProduct -->
        <test-method status="PASS" signature="closeApp()[pri:0, instance:com.puma.script.AddProductTest@3f49dace]" name="closeApp" is-config="true" duration-ms="1203" started-at="2018-07-13T16:12:01Z" finished-at="2018-07-13T16:12:02Z">
          <reporter-output>
          </reporter-output>
        </test-method> <!-- closeApp -->
        <test-method status="PASS" signature="tearDown()[pri:0, instance:com.puma.script.AddProductTest@3f49dace]" name="tearDown" is-config="true" duration-ms="413" started-at="2018-07-13T16:12:03Z" finished-at="2018-07-13T16:12:03Z">
          <reporter-output>
          </reporter-output>
        </test-method> <!-- tearDown -->
      </class> <!-- com.puma.script.AddProductTest -->
    </test> <!-- Default test -->
  </suite> <!-- Default suite -->
</testng-results>
